<?xml version="1.0" encoding="UTF-8"?>
<testsuite name="com.vjh0107.barcode.framework.nbt.test.ItemTagTest" tests="5" skipped="0" failures="0" errors="0" timestamp="2022-10-03T05:19:45" hostname="Junhyungs-MacBook-Pro.local" time="0.044">
  <properties/>
  <testcase name="compressTagTest" classname="com.vjh0107.barcode.framework.nbt.test.ItemTagTest" time="0.022"/>
  <testcase name="decompressTagTest" classname="com.vjh0107.barcode.framework.nbt.test.ItemTagTest" time="0.002"/>
  <testcase name="fromStringListTest" classname="com.vjh0107.barcode.framework.nbt.test.ItemTagTest" time="0.001"/>
  <testcase name="getStringListFromTagTest" classname="com.vjh0107.barcode.framework.nbt.test.ItemTagTest" time="0.013"/>
  <testcase name="toJsonArrayTest" classname="com.vjh0107.barcode.framework.nbt.test.ItemTagTest" time="0.001"/>
  <system-out><![CDATA[{"skillId2_ñstr":"SkillID2"}
{"SkillLevel1_ñint":1}
{"isEnabled_ñbol":false}
{"skillId_ñstr":"SkillID1"}
{"skills_ñlst":["skillname1","skillname2","skillname3"]}
compressedExtension: _ñstr
itemTagTest: SkillID2
compressedExtension: _ñint
itemTagTest: 1
compressedExtension: _ñbol
itemTagTest: false
compressedExtension: _ñstr
itemTagTest: SkillID1
compressedExtension: _ñlst
itemTagTest: ["skillname1", "skillname2", "skillname3"]
decompressTagTest: [ItemTag(path=skillId2, value=SkillID2), ItemTag(path=SkillLevel1, value=1), ItemTag(path=isEnabled, value=false), ItemTag(path=skillId, value=SkillID1), ItemTag(path=skills, value=["skillname1", "skillname2", "skillname3"])]
ItemTag(path=pathA, value=["asdfasdf","asdfasdf2"])
skillname1
skillname2
skillname3
skillname1
skillname2
skillname3
]]></system-out>
  <system-err><![CDATA[]]></system-err>
</testsuite>
